This file contains any messages produced by compilers while
running configure, to aid debugging if configure makes a mistake.

It was created by xmount configure 0.5.1, which was
generated by GNU Autoconf 2.68.  Invocation command line was

  $ ./configure 

## --------- ##
## Platform. ##
## --------- ##

hostname = gidapc
uname -m = x86_64
uname -r = 3.2.0-31-generic
uname -s = Linux
uname -v = #50-Ubuntu SMP Fri Sep 7 16:16:45 UTC 2012

/usr/bin/uname -p = unknown
/bin/uname -X     = unknown

/bin/arch              = unknown
/usr/bin/arch -k       = unknown
/usr/convex/getsysinfo = unknown
/usr/bin/hostinfo      = unknown
/bin/machine           = unknown
/usr/bin/oslevel       = unknown
/bin/universe          = unknown

PATH: /usr/lib/lightdm/lightdm
PATH: /usr/local/sbin
PATH: /usr/local/bin
PATH: /usr/sbin
PATH: /usr/bin
PATH: /sbin
PATH: /bin
PATH: /usr/games


## ----------- ##
## Core tests. ##
## ----------- ##

configure:2359: checking for a BSD-compatible install
configure:2427: result: /usr/bin/install -c
configure:2438: checking whether build environment is sane
configure:2488: result: yes
configure:2629: checking for a thread-safe mkdir -p
configure:2668: result: /bin/mkdir -p
configure:2681: checking for gawk
configure:2697: found /usr/bin/gawk
configure:2708: result: gawk
configure:2719: checking whether make sets $(MAKE)
configure:2741: result: yes
configure:2874: checking for gcc
configure:2890: found /usr/bin/gcc
configure:2901: result: gcc
configure:3130: checking for C compiler version
configure:3139: gcc --version >&5
gcc (Ubuntu/Linaro 4.6.3-1ubuntu5) 4.6.3
Copyright (C) 2011 Free Software Foundation, Inc.
This is free software; see the source for copying conditions.  There is NO
warranty; not even for MERCHANTABILITY or FITNESS FOR A PARTICULAR PURPOSE.

configure:3150: $? = 0
configure:3139: gcc -v >&5
Using built-in specs.
COLLECT_GCC=gcc
COLLECT_LTO_WRAPPER=/usr/lib/gcc/x86_64-linux-gnu/4.6/lto-wrapper
Target: x86_64-linux-gnu
Configured with: ../src/configure -v --with-pkgversion='Ubuntu/Linaro 4.6.3-1ubuntu5' --with-bugurl=file:///usr/share/doc/gcc-4.6/README.Bugs --enable-languages=c,c++,fortran,objc,obj-c++ --prefix=/usr --program-suffix=-4.6 --enable-shared --enable-linker-build-id --with-system-zlib --libexecdir=/usr/lib --without-included-gettext --enable-threads=posix --with-gxx-include-dir=/usr/include/c++/4.6 --libdir=/usr/lib --enable-nls --with-sysroot=/ --enable-clocale=gnu --enable-libstdcxx-debug --enable-libstdcxx-time=yes --enable-gnu-unique-object --enable-plugin --enable-objc-gc --disable-werror --with-arch-32=i686 --with-tune=generic --enable-checking=release --build=x86_64-linux-gnu --host=x86_64-linux-gnu --target=x86_64-linux-gnu
Thread model: posix
gcc version 4.6.3 (Ubuntu/Linaro 4.6.3-1ubuntu5) 
configure:3150: $? = 0
configure:3139: gcc -V >&5
gcc: error: unrecognized option '-V'
gcc: fatal error: no input files
compilation terminated.
configure:3150: $? = 4
configure:3139: gcc -qversion >&5
gcc: error: unrecognized option '-qversion'
gcc: fatal error: no input files
compilation terminated.
configure:3150: $? = 4
configure:3170: checking whether the C compiler works
configure:3192: gcc    conftest.c  >&5
configure:3196: $? = 0
configure:3244: result: yes
configure:3247: checking for C compiler default output file name
configure:3249: result: a.out
configure:3255: checking for suffix of executables
configure:3262: gcc -o conftest    conftest.c  >&5
configure:3266: $? = 0
configure:3288: result: 
configure:3310: checking whether we are cross compiling
configure:3318: gcc -o conftest    conftest.c  >&5
configure:3322: $? = 0
configure:3329: ./conftest
configure:3333: $? = 0
configure:3348: result: no
configure:3353: checking for suffix of object files
configure:3375: gcc -c   conftest.c >&5
configure:3379: $? = 0
configure:3400: result: o
configure:3404: checking whether we are using the GNU C compiler
configure:3423: gcc -c   conftest.c >&5
configure:3423: $? = 0
configure:3432: result: yes
configure:3441: checking whether gcc accepts -g
configure:3461: gcc -c -g  conftest.c >&5
configure:3461: $? = 0
configure:3502: result: yes
configure:3519: checking for gcc option to accept ISO C89
configure:3583: gcc  -c -g -O2  conftest.c >&5
configure:3583: $? = 0
configure:3596: result: none needed
configure:3627: checking for style of include used by make
configure:3655: result: GNU
configure:3681: checking dependency style of gcc
configure:3792: result: gcc3
configure:3808: checking whether gcc and cc understand -c and -o together
configure:3839: gcc -c conftest.c -o conftest2.o >&5
configure:3843: $? = 0
configure:3849: gcc -c conftest.c -o conftest2.o >&5
configure:3853: $? = 0
configure:3864: cc -c conftest.c >&5
configure:3868: $? = 0
configure:3876: cc -c conftest.c -o conftest2.o >&5
configure:3880: $? = 0
configure:3886: cc -c conftest.c -o conftest2.o >&5
configure:3890: $? = 0
configure:3908: result: yes
configure:3938: checking for libewf_open in -lewf
configure:3963: gcc -o conftest -g -O2   conftest.c -lewf   >&5
configure:3963: $? = 0
configure:3972: result: yes
configure:3986: checking for af_open in -lafflib
configure:4011: gcc -o conftest -g -O2   conftest.c -lafflib  -lewf  >&5
/usr/bin/ld: cannot find -lafflib
collect2: ld returned 1 exit status
configure:4011: $? = 1
configure: failed program was:
| /* confdefs.h */
| #define PACKAGE_NAME "xmount"
| #define PACKAGE_TARNAME "xmount"
| #define PACKAGE_VERSION "0.5.1"
| #define PACKAGE_STRING "xmount 0.5.1"
| #define PACKAGE_BUGREPORT "bugs@pinguin.lu"
| #define PACKAGE_URL ""
| #define PACKAGE "@PACKAGE_NAME@"
| #define VERSION "@PACKAGE_VERSION@"
| #define HAVE_LIBEWF 1
| /* end confdefs.h.  */
| 
| /* Override any GCC internal prototype to avoid an error.
|    Use char because int might match the return type of a GCC
|    builtin and then its argument prototype would still apply.  */
| #ifdef __cplusplus
| extern "C"
| #endif
| char af_open ();
| int
| main ()
| {
| return af_open ();
|   ;
|   return 0;
| }
configure:4020: result: no
configure:4030: WARNING: No AFF library found! AFF input support will be disabled.
configure:4041: checking how to run the C preprocessor
configure:4072: gcc -E  conftest.c
configure:4072: $? = 0
configure:4086: gcc -E  conftest.c
conftest.c:12:28: fatal error: ac_nonexistent.h: No such file or directory
compilation terminated.
configure:4086: $? = 1
configure: failed program was:
| /* confdefs.h */
| #define PACKAGE_NAME "xmount"
| #define PACKAGE_TARNAME "xmount"
| #define PACKAGE_VERSION "0.5.1"
| #define PACKAGE_STRING "xmount 0.5.1"
| #define PACKAGE_BUGREPORT "bugs@pinguin.lu"
| #define PACKAGE_URL ""
| #define PACKAGE "@PACKAGE_NAME@"
| #define VERSION "@PACKAGE_VERSION@"
| #define HAVE_LIBEWF 1
| /* end confdefs.h.  */
| #include <ac_nonexistent.h>
configure:4111: result: gcc -E
configure:4131: gcc -E  conftest.c
configure:4131: $? = 0
configure:4145: gcc -E  conftest.c
conftest.c:12:28: fatal error: ac_nonexistent.h: No such file or directory
compilation terminated.
configure:4145: $? = 1
configure: failed program was:
| /* confdefs.h */
| #define PACKAGE_NAME "xmount"
| #define PACKAGE_TARNAME "xmount"
| #define PACKAGE_VERSION "0.5.1"
| #define PACKAGE_STRING "xmount 0.5.1"
| #define PACKAGE_BUGREPORT "bugs@pinguin.lu"
| #define PACKAGE_URL ""
| #define PACKAGE "@PACKAGE_NAME@"
| #define VERSION "@PACKAGE_VERSION@"
| #define HAVE_LIBEWF 1
| /* end confdefs.h.  */
| #include <ac_nonexistent.h>
configure:4174: checking for grep that handles long lines and -e
configure:4232: result: /bin/grep
configure:4237: checking for egrep
configure:4299: result: /bin/grep -E
configure:4304: checking for ANSI C header files
configure:4324: gcc -c -g -O2  conftest.c >&5
configure:4324: $? = 0
configure:4397: gcc -o conftest -g -O2   conftest.c -lewf  >&5
configure:4397: $? = 0
configure:4397: ./conftest
configure:4397: $? = 0
configure:4408: result: yes
configure:4421: checking for sys/types.h
configure:4421: gcc -c -g -O2  conftest.c >&5
configure:4421: $? = 0
configure:4421: result: yes
configure:4421: checking for sys/stat.h
configure:4421: gcc -c -g -O2  conftest.c >&5
configure:4421: $? = 0
configure:4421: result: yes
configure:4421: checking for stdlib.h
configure:4421: gcc -c -g -O2  conftest.c >&5
configure:4421: $? = 0
configure:4421: result: yes
configure:4421: checking for string.h
configure:4421: gcc -c -g -O2  conftest.c >&5
configure:4421: $? = 0
configure:4421: result: yes
configure:4421: checking for memory.h
configure:4421: gcc -c -g -O2  conftest.c >&5
configure:4421: $? = 0
configure:4421: result: yes
configure:4421: checking for strings.h
configure:4421: gcc -c -g -O2  conftest.c >&5
configure:4421: $? = 0
configure:4421: result: yes
configure:4421: checking for inttypes.h
configure:4421: gcc -c -g -O2  conftest.c >&5
configure:4421: $? = 0
configure:4421: result: yes
configure:4421: checking for stdint.h
configure:4421: gcc -c -g -O2  conftest.c >&5
configure:4421: $? = 0
configure:4421: result: yes
configure:4421: checking for unistd.h
configure:4421: gcc -c -g -O2  conftest.c >&5
configure:4421: $? = 0
configure:4421: result: yes
configure:4433: checking stdio.h usability
configure:4433: gcc -c -g -O2  conftest.c >&5
configure:4433: $? = 0
configure:4433: result: yes
configure:4433: checking stdio.h presence
configure:4433: gcc -E  conftest.c
configure:4433: $? = 0
configure:4433: result: yes
configure:4433: checking for stdio.h
configure:4433: result: yes
configure:4441: checking for string.h
configure:4441: result: yes
configure:4449: checking fcntl.h usability
configure:4449: gcc -c -g -O2  conftest.c >&5
configure:4449: $? = 0
configure:4449: result: yes
configure:4449: checking fcntl.h presence
configure:4449: gcc -E  conftest.c
configure:4449: $? = 0
configure:4449: result: yes
configure:4449: checking for fcntl.h
configure:4449: result: yes
configure:4457: checking errno.h usability
configure:4457: gcc -c -g -O2  conftest.c >&5
configure:4457: $? = 0
configure:4457: result: yes
configure:4457: checking errno.h presence
configure:4457: gcc -E  conftest.c
configure:4457: $? = 0
configure:4457: result: yes
configure:4457: checking for errno.h
configure:4457: result: yes
configure:4466: checking for stdint.h
configure:4466: result: yes
configure:4474: checking for unistd.h
configure:4474: result: yes
configure:4482: checking sys/ioctl.h usability
configure:4482: gcc -c -g -O2  conftest.c >&5
configure:4482: $? = 0
configure:4482: result: yes
configure:4482: checking sys/ioctl.h presence
configure:4482: gcc -E  conftest.c
configure:4482: $? = 0
configure:4482: result: yes
configure:4482: checking for sys/ioctl.h
configure:4482: result: yes
configure:4490: checking linux/fs.h usability
configure:4490: gcc -c -g -O2  conftest.c >&5
configure:4490: $? = 0
configure:4490: result: yes
configure:4490: checking linux/fs.h presence
configure:4490: gcc -E  conftest.c
configure:4490: $? = 0
configure:4490: result: yes
configure:4490: checking for linux/fs.h
configure:4490: result: yes
configure:4499: checking pthread.h usability
configure:4499: gcc -c -g -O2  conftest.c >&5
configure:4499: $? = 0
configure:4499: result: yes
configure:4499: checking pthread.h presence
configure:4499: gcc -E  conftest.c
configure:4499: $? = 0
configure:4499: result: yes
configure:4499: checking for pthread.h
configure:4499: result: yes
configure:4507: checking time.h usability
configure:4507: gcc -c -g -O2  conftest.c >&5
configure:4507: $? = 0
configure:4507: result: yes
configure:4507: checking time.h presence
configure:4507: gcc -E  conftest.c
configure:4507: $? = 0
configure:4507: result: yes
configure:4507: checking for time.h
configure:4507: result: yes
configure:4515: checking byteswap.h usability
configure:4515: gcc -c -g -O2  conftest.c >&5
configure:4515: $? = 0
configure:4515: result: yes
configure:4515: checking byteswap.h presence
configure:4515: gcc -E  conftest.c
configure:4515: $? = 0
configure:4515: result: yes
configure:4515: checking for byteswap.h
configure:4515: result: yes
configure:4524: checking endian.h usability
configure:4524: gcc -c -g -O2  conftest.c >&5
configure:4524: $? = 0
configure:4524: result: yes
configure:4524: checking endian.h presence
configure:4524: gcc -E  conftest.c
configure:4524: $? = 0
configure:4524: result: yes
configure:4524: checking for endian.h
configure:4524: result: yes
configure:4588: checking for pkg-config
configure:4606: found /usr/bin/pkg-config
configure:4618: result: /usr/bin/pkg-config
configure:4643: checking pkg-config is at least version 0.9.0
configure:4646: result: yes
configure:4656: checking for fuse
configure:4663: $PKG_CONFIG --exists --print-errors "fuse"
configure:4666: $? = 0
configure:4680: $PKG_CONFIG --exists --print-errors "fuse"
configure:4683: $? = 0
configure:4741: result: yes
configure:4745: checking libewf.h usability
configure:4745: gcc -c -g -O2  conftest.c >&5
configure:4745: $? = 0
configure:4745: result: yes
configure:4745: checking libewf.h presence
configure:4745: gcc -E  conftest.c
configure:4745: $? = 0
configure:4745: result: yes
configure:4745: checking for libewf.h
configure:4745: result: yes
configure:4754: checking afflib/afflib.h usability
configure:4754: gcc -c -g -O2  conftest.c >&5
conftest.c:55:27: fatal error: afflib/afflib.h: No such file or directory
compilation terminated.
configure:4754: $? = 1
configure: failed program was:
| /* confdefs.h */
| #define PACKAGE_NAME "xmount"
| #define PACKAGE_TARNAME "xmount"
| #define PACKAGE_VERSION "0.5.1"
| #define PACKAGE_STRING "xmount 0.5.1"
| #define PACKAGE_BUGREPORT "bugs@pinguin.lu"
| #define PACKAGE_URL ""
| #define PACKAGE "@PACKAGE_NAME@"
| #define VERSION "@PACKAGE_VERSION@"
| #define HAVE_LIBEWF 1
| #define STDC_HEADERS 1
| #define HAVE_SYS_TYPES_H 1
| #define HAVE_SYS_STAT_H 1
| #define HAVE_STDLIB_H 1
| #define HAVE_STRING_H 1
| #define HAVE_MEMORY_H 1
| #define HAVE_STRINGS_H 1
| #define HAVE_INTTYPES_H 1
| #define HAVE_STDINT_H 1
| #define HAVE_UNISTD_H 1
| /* end confdefs.h.  */
| #include <stdio.h>
| #ifdef HAVE_SYS_TYPES_H
| # include <sys/types.h>
| #endif
| #ifdef HAVE_SYS_STAT_H
| # include <sys/stat.h>
| #endif
| #ifdef STDC_HEADERS
| # include <stdlib.h>
| # include <stddef.h>
| #else
| # ifdef HAVE_STDLIB_H
| #  include <stdlib.h>
| # endif
| #endif
| #ifdef HAVE_STRING_H
| # if !defined STDC_HEADERS && defined HAVE_MEMORY_H
| #  include <memory.h>
| # endif
| # include <string.h>
| #endif
| #ifdef HAVE_STRINGS_H
| # include <strings.h>
| #endif
| #ifdef HAVE_INTTYPES_H
| # include <inttypes.h>
| #endif
| #ifdef HAVE_STDINT_H
| # include <stdint.h>
| #endif
| #ifdef HAVE_UNISTD_H
| # include <unistd.h>
| #endif
| #include <afflib/afflib.h>
configure:4754: result: no
configure:4754: checking afflib/afflib.h presence
configure:4754: gcc -E  conftest.c
conftest.c:22:27: fatal error: afflib/afflib.h: No such file or directory
compilation terminated.
configure:4754: $? = 1
configure: failed program was:
| /* confdefs.h */
| #define PACKAGE_NAME "xmount"
| #define PACKAGE_TARNAME "xmount"
| #define PACKAGE_VERSION "0.5.1"
| #define PACKAGE_STRING "xmount 0.5.1"
| #define PACKAGE_BUGREPORT "bugs@pinguin.lu"
| #define PACKAGE_URL ""
| #define PACKAGE "@PACKAGE_NAME@"
| #define VERSION "@PACKAGE_VERSION@"
| #define HAVE_LIBEWF 1
| #define STDC_HEADERS 1
| #define HAVE_SYS_TYPES_H 1
| #define HAVE_SYS_STAT_H 1
| #define HAVE_STDLIB_H 1
| #define HAVE_STRING_H 1
| #define HAVE_MEMORY_H 1
| #define HAVE_STRINGS_H 1
| #define HAVE_INTTYPES_H 1
| #define HAVE_STDINT_H 1
| #define HAVE_UNISTD_H 1
| /* end confdefs.h.  */
| #include <afflib/afflib.h>
configure:4754: result: no
configure:4754: checking for afflib/afflib.h
configure:4754: result: no
configure:4758: WARNING: No afflib.h header file found! AFF input support will be disabled.
configure:4765: checking for an ANSI C-conforming const
configure:4830: gcc -c -g -O2  conftest.c >&5
configure:4830: $? = 0
configure:4837: result: yes
configure:4845: checking for int64_t
configure:4845: gcc -c -g -O2  conftest.c >&5
configure:4845: $? = 0
configure:4845: gcc -c -g -O2  conftest.c >&5
conftest.c: In function 'main':
conftest.c:60:53: warning: integer overflow in expression [-Woverflow]
conftest.c:59:12: error: size of array 'test_array' is negative
conftest.c:59:12: error: storage size of 'test_array' isn't constant
configure:4845: $? = 1
configure: failed program was:
| /* confdefs.h */
| #define PACKAGE_NAME "xmount"
| #define PACKAGE_TARNAME "xmount"
| #define PACKAGE_VERSION "0.5.1"
| #define PACKAGE_STRING "xmount 0.5.1"
| #define PACKAGE_BUGREPORT "bugs@pinguin.lu"
| #define PACKAGE_URL ""
| #define PACKAGE "@PACKAGE_NAME@"
| #define VERSION "@PACKAGE_VERSION@"
| #define HAVE_LIBEWF 1
| #define STDC_HEADERS 1
| #define HAVE_SYS_TYPES_H 1
| #define HAVE_SYS_STAT_H 1
| #define HAVE_STDLIB_H 1
| #define HAVE_STRING_H 1
| #define HAVE_MEMORY_H 1
| #define HAVE_STRINGS_H 1
| #define HAVE_INTTYPES_H 1
| #define HAVE_STDINT_H 1
| #define HAVE_UNISTD_H 1
| /* end confdefs.h.  */
| #include <stdio.h>
| #ifdef HAVE_SYS_TYPES_H
| # include <sys/types.h>
| #endif
| #ifdef HAVE_SYS_STAT_H
| # include <sys/stat.h>
| #endif
| #ifdef STDC_HEADERS
| # include <stdlib.h>
| # include <stddef.h>
| #else
| # ifdef HAVE_STDLIB_H
| #  include <stdlib.h>
| # endif
| #endif
| #ifdef HAVE_STRING_H
| # if !defined STDC_HEADERS && defined HAVE_MEMORY_H
| #  include <memory.h>
| # endif
| # include <string.h>
| #endif
| #ifdef HAVE_STRINGS_H
| # include <strings.h>
| #endif
| #ifdef HAVE_INTTYPES_H
| # include <inttypes.h>
| #endif
| #ifdef HAVE_STDINT_H
| # include <stdint.h>
| #endif
| #ifdef HAVE_UNISTD_H
| # include <unistd.h>
| #endif
| 	        enum { N = 64 / 2 - 1 };
| int
| main ()
| {
| static int test_array [1 - 2 * !((int64_t) (((((int64_t) 1 << N) << N) - 1) * 2 + 1)
| 		 < (int64_t) (((((int64_t) 1 << N) << N) - 1) * 2 + 2))];
| test_array [0] = 0
| 
|   ;
|   return 0;
| }
configure:4845: result: yes
configure:4856: checking for off_t
configure:4856: gcc -c -g -O2  conftest.c >&5
configure:4856: $? = 0
configure:4856: gcc -c -g -O2  conftest.c >&5
conftest.c: In function 'main':
conftest.c:58:20: error: expected expression before ')' token
configure:4856: $? = 1
configure: failed program was:
| /* confdefs.h */
| #define PACKAGE_NAME "xmount"
| #define PACKAGE_TARNAME "xmount"
| #define PACKAGE_VERSION "0.5.1"
| #define PACKAGE_STRING "xmount 0.5.1"
| #define PACKAGE_BUGREPORT "bugs@pinguin.lu"
| #define PACKAGE_URL ""
| #define PACKAGE "@PACKAGE_NAME@"
| #define VERSION "@PACKAGE_VERSION@"
| #define HAVE_LIBEWF 1
| #define STDC_HEADERS 1
| #define HAVE_SYS_TYPES_H 1
| #define HAVE_SYS_STAT_H 1
| #define HAVE_STDLIB_H 1
| #define HAVE_STRING_H 1
| #define HAVE_MEMORY_H 1
| #define HAVE_STRINGS_H 1
| #define HAVE_INTTYPES_H 1
| #define HAVE_STDINT_H 1
| #define HAVE_UNISTD_H 1
| /* end confdefs.h.  */
| #include <stdio.h>
| #ifdef HAVE_SYS_TYPES_H
| # include <sys/types.h>
| #endif
| #ifdef HAVE_SYS_STAT_H
| # include <sys/stat.h>
| #endif
| #ifdef STDC_HEADERS
| # include <stdlib.h>
| # include <stddef.h>
| #else
| # ifdef HAVE_STDLIB_H
| #  include <stdlib.h>
| # endif
| #endif
| #ifdef HAVE_STRING_H
| # if !defined STDC_HEADERS && defined HAVE_MEMORY_H
| #  include <memory.h>
| # endif
| # include <string.h>
| #endif
| #ifdef HAVE_STRINGS_H
| # include <strings.h>
| #endif
| #ifdef HAVE_INTTYPES_H
| # include <inttypes.h>
| #endif
| #ifdef HAVE_STDINT_H
| # include <stdint.h>
| #endif
| #ifdef HAVE_UNISTD_H
| # include <unistd.h>
| #endif
| int
| main ()
| {
| if (sizeof ((off_t)))
| 	    return 0;
|   ;
|   return 0;
| }
configure:4856: result: yes
configure:4867: checking for size_t
configure:4867: gcc -c -g -O2  conftest.c >&5
configure:4867: $? = 0
configure:4867: gcc -c -g -O2  conftest.c >&5
conftest.c: In function 'main':
conftest.c:58:21: error: expected expression before ')' token
configure:4867: $? = 1
configure: failed program was:
| /* confdefs.h */
| #define PACKAGE_NAME "xmount"
| #define PACKAGE_TARNAME "xmount"
| #define PACKAGE_VERSION "0.5.1"
| #define PACKAGE_STRING "xmount 0.5.1"
| #define PACKAGE_BUGREPORT "bugs@pinguin.lu"
| #define PACKAGE_URL ""
| #define PACKAGE "@PACKAGE_NAME@"
| #define VERSION "@PACKAGE_VERSION@"
| #define HAVE_LIBEWF 1
| #define STDC_HEADERS 1
| #define HAVE_SYS_TYPES_H 1
| #define HAVE_SYS_STAT_H 1
| #define HAVE_STDLIB_H 1
| #define HAVE_STRING_H 1
| #define HAVE_MEMORY_H 1
| #define HAVE_STRINGS_H 1
| #define HAVE_INTTYPES_H 1
| #define HAVE_STDINT_H 1
| #define HAVE_UNISTD_H 1
| /* end confdefs.h.  */
| #include <stdio.h>
| #ifdef HAVE_SYS_TYPES_H
| # include <sys/types.h>
| #endif
| #ifdef HAVE_SYS_STAT_H
| # include <sys/stat.h>
| #endif
| #ifdef STDC_HEADERS
| # include <stdlib.h>
| # include <stddef.h>
| #else
| # ifdef HAVE_STDLIB_H
| #  include <stdlib.h>
| # endif
| #endif
| #ifdef HAVE_STRING_H
| # if !defined STDC_HEADERS && defined HAVE_MEMORY_H
| #  include <memory.h>
| # endif
| # include <string.h>
| #endif
| #ifdef HAVE_STRINGS_H
| # include <strings.h>
| #endif
| #ifdef HAVE_INTTYPES_H
| # include <inttypes.h>
| #endif
| #ifdef HAVE_STDINT_H
| # include <stdint.h>
| #endif
| #ifdef HAVE_UNISTD_H
| # include <unistd.h>
| #endif
| int
| main ()
| {
| if (sizeof ((size_t)))
| 	    return 0;
|   ;
|   return 0;
| }
configure:4867: result: yes
configure:4878: checking for ssize_t
configure:4878: gcc -c -g -O2  conftest.c >&5
configure:4878: $? = 0
configure:4878: gcc -c -g -O2  conftest.c >&5
conftest.c: In function 'main':
conftest.c:58:22: error: expected expression before ')' token
configure:4878: $? = 1
configure: failed program was:
| /* confdefs.h */
| #define PACKAGE_NAME "xmount"
| #define PACKAGE_TARNAME "xmount"
| #define PACKAGE_VERSION "0.5.1"
| #define PACKAGE_STRING "xmount 0.5.1"
| #define PACKAGE_BUGREPORT "bugs@pinguin.lu"
| #define PACKAGE_URL ""
| #define PACKAGE "@PACKAGE_NAME@"
| #define VERSION "@PACKAGE_VERSION@"
| #define HAVE_LIBEWF 1
| #define STDC_HEADERS 1
| #define HAVE_SYS_TYPES_H 1
| #define HAVE_SYS_STAT_H 1
| #define HAVE_STDLIB_H 1
| #define HAVE_STRING_H 1
| #define HAVE_MEMORY_H 1
| #define HAVE_STRINGS_H 1
| #define HAVE_INTTYPES_H 1
| #define HAVE_STDINT_H 1
| #define HAVE_UNISTD_H 1
| /* end confdefs.h.  */
| #include <stdio.h>
| #ifdef HAVE_SYS_TYPES_H
| # include <sys/types.h>
| #endif
| #ifdef HAVE_SYS_STAT_H
| # include <sys/stat.h>
| #endif
| #ifdef STDC_HEADERS
| # include <stdlib.h>
| # include <stddef.h>
| #else
| # ifdef HAVE_STDLIB_H
| #  include <stdlib.h>
| # endif
| #endif
| #ifdef HAVE_STRING_H
| # if !defined STDC_HEADERS && defined HAVE_MEMORY_H
| #  include <memory.h>
| # endif
| # include <string.h>
| #endif
| #ifdef HAVE_STRINGS_H
| # include <strings.h>
| #endif
| #ifdef HAVE_INTTYPES_H
| # include <inttypes.h>
| #endif
| #ifdef HAVE_STDINT_H
| # include <stdint.h>
| #endif
| #ifdef HAVE_UNISTD_H
| # include <unistd.h>
| #endif
| int
| main ()
| {
| if (sizeof ((ssize_t)))
| 	    return 0;
|   ;
|   return 0;
| }
configure:4878: result: yes
configure:4889: checking for uint16_t
configure:4889: gcc -c -g -O2  conftest.c >&5
configure:4889: $? = 0
configure:4889: result: yes
configure:4901: checking for uint32_t
configure:4901: gcc -c -g -O2  conftest.c >&5
configure:4901: $? = 0
configure:4901: result: yes
configure:4915: checking for uint64_t
configure:4915: gcc -c -g -O2  conftest.c >&5
configure:4915: $? = 0
configure:4915: result: yes
configure:4929: checking for uint8_t
configure:4929: gcc -c -g -O2  conftest.c >&5
configure:4929: $? = 0
configure:4929: result: yes
configure:4945: checking for _LARGEFILE_SOURCE value needed for large files
configure:4964: gcc -o conftest -g -O2   conftest.c -lewf  >&5
configure:4964: $? = 0
configure:4992: result: no
configure:5014: checking whether gcc needs -traditional
configure:5048: result: no
configure:5057: checking for stdlib.h
configure:5057: result: yes
configure:5067: checking for GNU libc compatible malloc
configure:5091: gcc -o conftest -g -O2   conftest.c -lewf  >&5
configure:5091: $? = 0
configure:5091: ./conftest
configure:5091: $? = 0
configure:5101: result: yes
configure:5124: checking for stdlib.h
configure:5124: result: yes
configure:5134: checking for GNU libc compatible realloc
configure:5158: gcc -o conftest -g -O2   conftest.c -lewf  >&5
configure:5158: $? = 0
configure:5158: ./conftest
configure:5158: $? = 0
configure:5168: result: yes
configure:5191: checking for vprintf
configure:5191: gcc -o conftest -g -O2   conftest.c -lewf  >&5
conftest.c:50:6: warning: conflicting types for built-in function 'vprintf' [enabled by default]
configure:5191: $? = 0
configure:5191: result: yes
configure:5197: checking for _doprnt
configure:5197: gcc -o conftest -g -O2   conftest.c -lewf  >&5
/tmp/ccgaJ8b9.o: In function `main':
/home/gida/projects/xmount/tags/xmount-0.5.1/conftest.c:62: undefined reference to `_doprnt'
collect2: ld returned 1 exit status
configure:5197: $? = 1
configure: failed program was:
| /* confdefs.h */
| #define PACKAGE_NAME "xmount"
| #define PACKAGE_TARNAME "xmount"
| #define PACKAGE_VERSION "0.5.1"
| #define PACKAGE_STRING "xmount 0.5.1"
| #define PACKAGE_BUGREPORT "bugs@pinguin.lu"
| #define PACKAGE_URL ""
| #define PACKAGE "@PACKAGE_NAME@"
| #define VERSION "@PACKAGE_VERSION@"
| #define HAVE_LIBEWF 1
| #define STDC_HEADERS 1
| #define HAVE_SYS_TYPES_H 1
| #define HAVE_SYS_STAT_H 1
| #define HAVE_STDLIB_H 1
| #define HAVE_STRING_H 1
| #define HAVE_MEMORY_H 1
| #define HAVE_STRINGS_H 1
| #define HAVE_INTTYPES_H 1
| #define HAVE_STDINT_H 1
| #define HAVE_UNISTD_H 1
| #define HAVE_FSEEKO 1
| #define HAVE_STDLIB_H 1
| #define HAVE_MALLOC 1
| #define HAVE_STDLIB_H 1
| #define HAVE_REALLOC 1
| #define HAVE_VPRINTF 1
| /* end confdefs.h.  */
| /* Define _doprnt to an innocuous variant, in case <limits.h> declares _doprnt.
|    For example, HP-UX 11i <limits.h> declares gettimeofday.  */
| #define _doprnt innocuous__doprnt
| 
| /* System header to define __stub macros and hopefully few prototypes,
|     which can conflict with char _doprnt (); below.
|     Prefer <limits.h> to <assert.h> if __STDC__ is defined, since
|     <limits.h> exists even on freestanding compilers.  */
| 
| #ifdef __STDC__
| # include <limits.h>
| #else
| # include <assert.h>
| #endif
| 
| #undef _doprnt
| 
| /* Override any GCC internal prototype to avoid an error.
|    Use char because int might match the return type of a GCC
|    builtin and then its argument prototype would still apply.  */
| #ifdef __cplusplus
| extern "C"
| #endif
| char _doprnt ();
| /* The GNU C library defines this for functions which it implements
|     to always fail with ENOSYS.  Some functions are actually named
|     something starting with __ and the normal name is an alias.  */
| #if defined __stub__doprnt || defined __stub____doprnt
| choke me
| #endif
| 
| int
| main ()
| {
| return _doprnt ();
|   ;
|   return 0;
| }
configure:5197: result: no
configure:5211: checking for memset
configure:5211: gcc -o conftest -g -O2   conftest.c -lewf  >&5
conftest.c:51:6: warning: conflicting types for built-in function 'memset' [enabled by default]
configure:5211: $? = 0
configure:5211: result: yes
configure:5211: checking for strrchr
configure:5211: gcc -o conftest -g -O2   conftest.c -lewf  >&5
conftest.c:52:6: warning: conflicting types for built-in function 'strrchr' [enabled by default]
configure:5211: $? = 0
configure:5211: result: yes
configure:5353: creating ./config.status

## ---------------------- ##
## Running config.status. ##
## ---------------------- ##

This file was extended by xmount config.status 0.5.1, which was
generated by GNU Autoconf 2.68.  Invocation command line was

  CONFIG_FILES    = 
  CONFIG_HEADERS  = 
  CONFIG_LINKS    = 
  CONFIG_COMMANDS = 
  $ ./config.status 

on gidapc

config.status:874: creating Makefile
config.status:874: creating config.h
config.status:1055: config.h is unchanged
config.status:1103: executing depfiles commands

## ---------------- ##
## Cache variables. ##
## ---------------- ##

ac_cv_c_compiler_gnu=yes
ac_cv_c_const=yes
ac_cv_c_int64_t=yes
ac_cv_c_uint16_t=yes
ac_cv_c_uint32_t=yes
ac_cv_c_uint64_t=yes
ac_cv_c_uint8_t=yes
ac_cv_env_CC_set=
ac_cv_env_CC_value=
ac_cv_env_CFLAGS_set=
ac_cv_env_CFLAGS_value=
ac_cv_env_CPPFLAGS_set=
ac_cv_env_CPPFLAGS_value=
ac_cv_env_CPP_set=
ac_cv_env_CPP_value=
ac_cv_env_LDFLAGS_set=
ac_cv_env_LDFLAGS_value=
ac_cv_env_LIBS_set=
ac_cv_env_LIBS_value=
ac_cv_env_PKG_CONFIG_LIBDIR_set=
ac_cv_env_PKG_CONFIG_LIBDIR_value=
ac_cv_env_PKG_CONFIG_PATH_set=
ac_cv_env_PKG_CONFIG_PATH_value=
ac_cv_env_PKG_CONFIG_set=
ac_cv_env_PKG_CONFIG_value=
ac_cv_env_build_alias_set=
ac_cv_env_build_alias_value=
ac_cv_env_fuse_CFLAGS_set=
ac_cv_env_fuse_CFLAGS_value=
ac_cv_env_fuse_LIBS_set=
ac_cv_env_fuse_LIBS_value=
ac_cv_env_host_alias_set=
ac_cv_env_host_alias_value=
ac_cv_env_target_alias_set=
ac_cv_env_target_alias_value=
ac_cv_func__doprnt=no
ac_cv_func_malloc_0_nonnull=yes
ac_cv_func_memset=yes
ac_cv_func_realloc_0_nonnull=yes
ac_cv_func_strrchr=yes
ac_cv_func_vprintf=yes
ac_cv_header_afflib_afflib_h=no
ac_cv_header_byteswap_h=yes
ac_cv_header_endian_h=yes
ac_cv_header_errno_h=yes
ac_cv_header_fcntl_h=yes
ac_cv_header_inttypes_h=yes
ac_cv_header_libewf_h=yes
ac_cv_header_linux_fs_h=yes
ac_cv_header_memory_h=yes
ac_cv_header_pthread_h=yes
ac_cv_header_stdc=yes
ac_cv_header_stdint_h=yes
ac_cv_header_stdio_h=yes
ac_cv_header_stdlib_h=yes
ac_cv_header_string_h=yes
ac_cv_header_strings_h=yes
ac_cv_header_sys_ioctl_h=yes
ac_cv_header_sys_stat_h=yes
ac_cv_header_sys_types_h=yes
ac_cv_header_time_h=yes
ac_cv_header_unistd_h=yes
ac_cv_lib_afflib_af_open=no
ac_cv_lib_ewf_libewf_open=yes
ac_cv_objext=o
ac_cv_path_EGREP='/bin/grep -E'
ac_cv_path_GREP=/bin/grep
ac_cv_path_ac_pt_PKG_CONFIG=/usr/bin/pkg-config
ac_cv_path_install='/usr/bin/install -c'
ac_cv_path_mkdir=/bin/mkdir
ac_cv_prog_AWK=gawk
ac_cv_prog_CPP='gcc -E'
ac_cv_prog_ac_ct_CC=gcc
ac_cv_prog_cc_c89=
ac_cv_prog_cc_g=yes
ac_cv_prog_cc_gcc_c_o=yes
ac_cv_prog_gcc_traditional=no
ac_cv_prog_make_make_set=yes
ac_cv_sys_largefile_source=no
ac_cv_type_off_t=yes
ac_cv_type_size_t=yes
ac_cv_type_ssize_t=yes
am_cv_CC_dependencies_compiler_type=gcc3
pkg_cv_fuse_CFLAGS='-D_FILE_OFFSET_BITS=64 -I/usr/include/fuse  '
pkg_cv_fuse_LIBS='-pthread -lfuse -lrt -ldl  '

## ----------------- ##
## Output variables. ##
## ----------------- ##

ACLOCAL='${SHELL} /home/gida/projects/xmount/tags/xmount-0.5.1/missing --run aclocal-1.11'
AMDEPBACKSLASH='\'
AMDEP_FALSE='#'
AMDEP_TRUE=''
AMTAR='$${TAR-tar}'
AUTOCONF='${SHELL} /home/gida/projects/xmount/tags/xmount-0.5.1/missing --run autoconf'
AUTOHEADER='${SHELL} /home/gida/projects/xmount/tags/xmount-0.5.1/missing --run autoheader'
AUTOMAKE='${SHELL} /home/gida/projects/xmount/tags/xmount-0.5.1/missing --run automake-1.11'
AWK='gawk'
CC='gcc'
CCDEPMODE='depmode=gcc3'
CFLAGS='-g -O2'
CPP='gcc -E'
CPPFLAGS=''
CYGPATH_W='echo'
DEFS='-DHAVE_CONFIG_H'
DEPDIR='.deps'
ECHO_C=''
ECHO_N='-n'
ECHO_T=''
EGREP='/bin/grep -E'
EXEEXT=''
GREP='/bin/grep'
INSTALL_DATA='${INSTALL} -m 644'
INSTALL_PROGRAM='${INSTALL}'
INSTALL_SCRIPT='${INSTALL}'
INSTALL_STRIP_PROGRAM='$(install_sh) -c -s'
LDFLAGS=''
LIBOBJS=''
LIBS='-lewf '
LTLIBOBJS=''
MAKEINFO='${SHELL} /home/gida/projects/xmount/tags/xmount-0.5.1/missing --run makeinfo'
MKDIR_P='/bin/mkdir -p'
OBJEXT='o'
PACKAGE='@PACKAGE_NAME@'
PACKAGE_BUGREPORT='bugs@pinguin.lu'
PACKAGE_NAME='xmount'
PACKAGE_STRING='xmount 0.5.1'
PACKAGE_TARNAME='xmount'
PACKAGE_URL=''
PACKAGE_VERSION='0.5.1'
PATH_SEPARATOR=':'
PKG_CONFIG='/usr/bin/pkg-config'
PKG_CONFIG_LIBDIR=''
PKG_CONFIG_PATH=''
SET_MAKE=''
SHELL='/bin/sh'
STRIP=''
VERSION='@PACKAGE_VERSION@'
ac_ct_CC='gcc'
am__EXEEXT_FALSE=''
am__EXEEXT_TRUE='#'
am__fastdepCC_FALSE='#'
am__fastdepCC_TRUE=''
am__include='include'
am__isrc=''
am__leading_dot='.'
am__nodep='_no'
am__quote=''
am__tar='$${TAR-tar} chof - "$$tardir"'
am__untar='$${TAR-tar} xf -'
bindir='${exec_prefix}/bin'
build_alias=''
datadir='${datarootdir}'
datarootdir='${prefix}/share'
docdir='${datarootdir}/doc/${PACKAGE_TARNAME}'
dvidir='${docdir}'
exec_prefix='${prefix}'
fuse_CFLAGS='-D_FILE_OFFSET_BITS=64 -I/usr/include/fuse  '
fuse_LIBS='-pthread -lfuse -lrt -ldl  '
host_alias=''
htmldir='${docdir}'
includedir='${prefix}/include'
infodir='${datarootdir}/info'
install_sh='${SHELL} /home/gida/projects/xmount/tags/xmount-0.5.1/install-sh'
libdir='${exec_prefix}/lib'
libexecdir='${exec_prefix}/libexec'
localedir='${datarootdir}/locale'
localstatedir='${prefix}/var'
mandir='${datarootdir}/man'
mkdir_p='/bin/mkdir -p'
oldincludedir='/usr/include'
pdfdir='${docdir}'
prefix='/usr/local'
program_transform_name='s,x,x,'
psdir='${docdir}'
sbindir='${exec_prefix}/sbin'
sharedstatedir='${prefix}/com'
sysconfdir='${prefix}/etc'
target_alias=''

## ----------- ##
## confdefs.h. ##
## ----------- ##

/* confdefs.h */
#define PACKAGE_NAME "xmount"
#define PACKAGE_TARNAME "xmount"
#define PACKAGE_VERSION "0.5.1"
#define PACKAGE_STRING "xmount 0.5.1"
#define PACKAGE_BUGREPORT "bugs@pinguin.lu"
#define PACKAGE_URL ""
#define PACKAGE "@PACKAGE_NAME@"
#define VERSION "@PACKAGE_VERSION@"
#define HAVE_LIBEWF 1
#define STDC_HEADERS 1
#define HAVE_SYS_TYPES_H 1
#define HAVE_SYS_STAT_H 1
#define HAVE_STDLIB_H 1
#define HAVE_STRING_H 1
#define HAVE_MEMORY_H 1
#define HAVE_STRINGS_H 1
#define HAVE_INTTYPES_H 1
#define HAVE_STDINT_H 1
#define HAVE_UNISTD_H 1
#define HAVE_FSEEKO 1
#define HAVE_STDLIB_H 1
#define HAVE_MALLOC 1
#define HAVE_STDLIB_H 1
#define HAVE_REALLOC 1
#define HAVE_VPRINTF 1
#define HAVE_MEMSET 1
#define HAVE_STRRCHR 1

configure: exit 0
